<?xml version="1.0" encoding="UTF-8"?>
<!-- Generated by org.testng.reporters.JUnitXMLReporter -->
<testsuite hostname="Cloudtech41" name="Test" tests="8" failures="0" timestamp="29 Jun 2022 17:28:09 GMT" time="1592.805" errors="0">
  <testcase name="testCreateMember" time="297.626" classname="com.CL.scripts.CLSmokeTest"/>
  <testcase name="testAddDep" time="30.906" classname="com.CL.scripts.CLSmokeTest"/>
  <testcase name="testUpdatemember" time="27.594" classname="com.CL.scripts.CLSmokeTest"/>
  <testcase name="testupdatedep" time="56.657" classname="com.CL.scripts.CLSmokeTest"/>
  <testcase name="testManualLetter" time="956.003" classname="com.CL.scripts.CLSmokeTest"/>
  <testcase name="testMmbercancel" time="82.529" classname="com.CL.scripts.CLSmokeTest"/>
  <testcase name="testActivateMeb" time="62.793" classname="com.CL.scripts.CLSmokeTest"/>
  <testcase name="testfulfillment" time="71.852" classname="com.CL.scripts.CLSmokeTest"/>
</testsuite> <!-- Test -->
