<?xml version="1.0" encoding="UTF-8"?>
<!-- Generated by org.testng.reporters.JUnitXMLReporter -->
<testsuite hostname="Cloudtech41" name="Default test" tests="8" failures="0" timestamp="28 Jun 2022 13:36:24 GMT" time="1649.784" errors="0">
  <testcase name="testCreateMember" time="277.845" classname="com.CL.scripts.CLSmokeTest"/>
  <testcase name="testAddDep" time="30.625" classname="com.CL.scripts.CLSmokeTest"/>
  <testcase name="testUpdatemember" time="27.656" classname="com.CL.scripts.CLSmokeTest"/>
  <testcase name="testupdatedep" time="56.578" classname="com.CL.scripts.CLSmokeTest"/>
  <testcase name="testManualLetter" time="1018.848" classname="com.CL.scripts.CLSmokeTest"/>
  <testcase name="testMmbercancel" time="75.629" classname="com.CL.scripts.CLSmokeTest"/>
  <testcase name="testActivateMeb" time="43.854" classname="com.CL.scripts.CLSmokeTest"/>
  <testcase name="testfulfillment" time="112.979" classname="com.CL.scripts.CLSmokeTest"/>
</testsuite> <!-- Default test -->
